make all --print-data-base --no-builtin-variables --no-builtin-rules --question
# GNU Make 4.2.1
# Built for x86_64-pc-linux-gnu
# Copyright (C) 1988-2016 Free Software Foundation, Inc.
# License GPLv3+: GNU GPL version 3 or later <http://gnu.org/licenses/gpl.html>
# This is free software: you are free to change and redistribute it.
# There is NO WARRANTY, to the extent permitted by law.

# Make data base, printed on Sat Jul 23 15:51:13 2022

# Variables

# 'override' directive
GNUMAKEFLAGS := 
# automatic
<D = $(patsubst %/,%,$(dir $<))
# automatic
?F = $(notdir $?)
# environment
DESKTOP_SESSION = ubuntu
# default
.SHELLFLAGS := -c
# environment
XDG_SESSION_CLASS = user
# environment
SNAP_COMMON = /var/snap/code/common
# environment
XDG_SESSION_TYPE = x11
# automatic
?D = $(patsubst %/,%,$(dir $?))
# environment
IM_CONFIG_PHASE = 1
# automatic
@D = $(patsubst %/,%,$(dir $@))
# environment
XAUTHORITY = /run/user/1000/gdm/Xauthority
# environment
GDMSESSION = ubuntu
# environment
XMODIFIERS = @im=ibus
# makefile
CURDIR := /home/justin/antlrCalc
# makefile
SHELL = /bin/sh
# environment
SNAP_DATA = /var/snap/code/102
# environment
VSCODE_NLS_CONFIG = {"locale":"en-gb","availableLanguages":{},"_languagePackSupport":true}
# environment
JOURNAL_STREAM = 8:72706
# environment
XDG_CONFIG_DIRS = /etc/xdg/xdg-ubuntu:/etc/xdg
# makefile (from 'Makefile', line 5)
INCL_RT_DIR = /usr/local/include
# environment
SNAP_INSTANCE_NAME = code
# environment
SNAP_ARCH = amd64
# makefile (from 'Makefile', line 1)
MAKEFILE_LIST :=  Makefile
# makefile (from 'Makefile', line 7)
RT_STATIC = libantlr4-runtime.a
# automatic
@F = $(notdir $@)
# environment
GIO_LAUNCHED_DESKTOP_FILE = /var/lib/snapd/desktop/applications/code_code.desktop
# environment
USERNAME = justin
# makefile (from 'Makefile', line 3)
OBJ_DIR = ./obj
# environment
MANDATORY_PATH = /usr/share/gconf/ubuntu.mandatory.path
# environment
XDG_DATA_DIRS = /usr/share/ubuntu:/usr/local/share/:/usr/share/:/var/lib/snapd/desktop
# environment
DBUS_SESSION_BUS_ADDRESS = unix:path=/run/user/1000/bus
# environment
_ = /snap/code/102/usr/share/code/code
# makefile (from 'Makefile', line 15)
GEN_OBJS = LiteParser.o LiteLexer.o CustomVisitor.o LiteBaseVisitor.o LiteVisitor.o 
# makefile (from 'Makefile', line 14)
OBJS = $(EXEC).o 
# environment
MANAGERPID = 1823
# environment
LESSOPEN = | /usr/bin/lesspipe %s
# environment
VSCODE_CWD = /home/justin
# environment
GSETTINGS_SCHEMA_DIR = /snap/code/102/usr/share/glib-2.0/schemas
# default
MAKE_HOST := x86_64-pc-linux-gnu
# environment
PATH = /home/justin/.local/bin:/home/justin/.cargo/bin:/home/justin/.local/bin:/usr/local/sbin:/usr/local/bin:/usr/sbin:/usr/bin:/sbin:/bin:/usr/games:/usr/local/games:/snap/bin:/home/justin/llvm-build-dir/bin:/home/justin/llvm-build-dir/bin:/home/justin/.cabal/bin:/home/justin/.ghcup/bin
# environment
GPG_AGENT_INFO = /run/user/1000/gnupg/S.gpg-agent:0:1
# environment
SESSION_MANAGER = local/justin-B365M-DS3H:@/tmp/.ICE-unix/2090,unix/justin-B365M-DS3H:/tmp/.ICE-unix/2090
# environment
XDG_RUNTIME_DIR = /run/user/1000
# environment
GDK_PIXBUF_MODULE_FILE = /home/justin/snap/code/common/.cache/gdk-pixbuf-loaders.cache
# makefile (from 'Makefile', line 11)
L_FLAGS = -g -std=c++17 -Wall
# environment
SNAP = /snap/code/102
# environment
SNAP_VERSION = 3b889b09
# makefile (from 'Makefile', line 2)
GEN_DIR = ./gen
# environment
XDG_MENU_PREFIX = gnome-
# environment
DISABLE_WAYLAND = 1
# environment
ELECTRON_RUN_AS_NODE = 1
# environment
INVOCATION_ID = 911d98b6110946ebbe1eabb197fde942
# environment
GDK_PIXBUF_MODULEDIR = /snap/code/102/usr/lib/x86_64-linux-gnu/gdk-pixbuf-2.0/2.10.0/loaders
# default
.FEATURES := target-specific order-only second-expansion else-if shortest-stem undefine oneshell archives jobserver output-sync check-symlink load
# environment
LS_COLORS = 
# environment
XDG_SESSION_DESKTOP = ubuntu
# environment
SSH_AUTH_SOCK = /run/user/1000/keyring/ssh
# environment
GIO_LAUNCHED_DESKTOP_FILE_PID = 18832
# automatic
%F = $(notdir $%)
# environment
DISPLAY = :0
# environment
SNAP_INSTANCE_KEY = 
# environment
PWD = /home/justin/antlrCalc
# default
.LOADED := 
# environment
SSH_AGENT_PID = 2037
# environment
ORIGINAL_XDG_CURRENT_DESKTOP = ubuntu:GNOME
# environment
GTK_MODULES = gail:atk-bridge
# environment
VSCODE_AMD_ENTRYPOINT = vs/workbench/api/node/extensionHostProcess
# environment
HOME = /home/justin
# environment
LESSCLOSE = /usr/bin/lesspipe %s %s
# environment
VSCODE_CLI = 1
# environment
VSCODE_CODE_CACHE_PATH = /home/justin/.config/Code/CachedData/3b889b090b5ad5793f524b5d1d39fda662b96a2a
# environment
LOGNAME = justin
# makefile (from 'Makefile', line 6)
LINK_RT_DIR = /usr/local/lib
# environment
APPLICATION_INSIGHTS_NO_DIAGNOSTIC_CHANNEL = 1
# environment
SNAP_LIBRARY_PATH = /var/lib/snapd/lib/gl:/var/lib/snapd/lib/gl32:/var/lib/snapd/void
# environment
SNAP_CONTEXT = bu649OJ1dHYiunzBs8wPAZfnWeTobSX8YNXKnV3siPW4TujCpivI
# environment
ELECTRON_NO_ATTACH_CONSOLE = 1
# environment
SNAP_USER_COMMON = /home/justin/snap/code/common
# environment
VSCODE_HANDLES_UNCAUGHT_ERRORS = true
# environment
GNOME_DESKTOP_SESSION_ID = this-is-deprecated
# automatic
^D = $(patsubst %/,%,$(dir $^))
# environment
MAKELEVEL := 0
# environment
SNAP_REAL_HOME = /home/justin
# default
MAKE = $(MAKE_COMMAND)
# default
MAKECMDGOALS := all
# environment
QT_IM_MODULE = ibus
# environment
SNAP_USER_DATA = /home/justin/snap/code/102
# environment
SHLVL = 0
# makefile (from 'Makefile', line 1)
CC = g++
# environment
GNOME_SHELL_SESSION_MODE = ubuntu
# makefile (from 'Makefile', line 13)
EXEC = main
# default
MAKE_VERSION := 4.2.1
# environment
USER = justin
# environment
SNAP_REVISION = 102
# makefile
.DEFAULT_GOAL := all
# environment
XDG_CURRENT_DESKTOP = Unity
# environment
CLASSPATH = .:/usr/local/lib/antlr-4.10.1-complete.jar:.:/usr/local/lib/antlr-4.10.1-complete.jar:
# automatic
%D = $(patsubst %/,%,$(dir $%))
# default
MAKE_COMMAND := make
# default
.VARIABLES := 
# automatic
*F = $(notdir $*)
# environment
LANGUAGE = en_CA:en
# environment
VSCODE_IPC_HOOK = /run/user/1000/vscode-bb1aaf99-1.69.2-main.sock
# environment
BAMF_DESKTOP_FILE_HINT = /var/lib/snapd/desktop/applications/code_code.desktop
# makefile
MAKEFLAGS = pqrR
# environment
MFLAGS = -pqrR
# automatic
*D = $(patsubst %/,%,$(dir $*))
# automatic
+D = $(patsubst %/,%,$(dir $+))
# environment
GDK_BACKEND = x11
# automatic
+F = $(notdir $+)
# environment
QT_ACCESSIBILITY = 1
# environment
DEFAULTS_PATH = /usr/share/gconf/ubuntu.default.path
# default
MAKEFILES := 
# environment
SNAP_COOKIE = bu649OJ1dHYiunzBs8wPAZfnWeTobSX8YNXKnV3siPW4TujCpivI
# automatic
<F = $(notdir $<)
# environment
SNAP_NAME = code
# makefile (from 'Makefile', line 10)
I_FLAGS = -c -g -o $(OBJ_DIR)/$@ -I $(INCL_RT_DIR)/antlr4-runtime/ -std=c++17 -I $(GEN_DIR)
# environment
LC_ALL = C
# makefile (from 'Makefile', line 8)
RT_SHARED = libantlr4-runtime.so
# environment
GJS_DEBUG_TOPICS = JS ERROR;JS LOG
# makefile (from 'Makefile', line 16)
LIBS = $(patsubst %, $(LINK_RT_DIR)/%, $(RT_STATIC) $(RT_SHARED))
# automatic
^F = $(notdir $^)
# default
SUFFIXES := 
# environment
SNAP_REEXEC = 
# environment
CHROME_DESKTOP = code-url-handler.desktop
# environment
WINDOWPATH = 2
# default
.INCLUDE_DIRS = /usr/include /usr/local/include /usr/include
# environment
GJS_DEBUG_OUTPUT = stderr
# default
.RECIPEPREFIX := 
# environment
LANG = C
# environment
VSCODE_PID = 18878
# variable set hash-table stats:
# Load=132/1024=13%, Rehash=0, Collisions=25/177=14%

# Pattern-specific Variable Values

# No pattern-specific variable values.

# Directories

# . (device 2053, inode 5132518): 12 files, no impossibilities.

# 12 files, no impossibilities in 1 directories.

# Implicit Rules

# No implicit rules.

# Files
 

LiteVisitor.o: gen/LiteVisitor.cpp
#  Implicit rule search has not been done.
#  Implicit/static pattern stem: 'LiteVisitor'
#  Modification time never checked.
#  File has not been updated.
#  recipe to execute (from 'Makefile', line 25):
	$(CC) $(I_FLAGS) $<

all: main.o LiteParser.o LiteLexer.o CustomVisitor.o LiteBaseVisitor.o LiteVisitor.o main
#  Phony target (prerequisite of .PHONY).
#  Command line target.
#  Implicit rule search has not been done.
#  File does not exist.
#  File has been updated.
#  Needs to be updated (-q is set).
# variable set hash-table stats:
# Load=0/32=0%, Rehash=0, Collisions=0/8=0%

CustomVisitor.o: gen/CustomVisitor.cpp
#  Implicit rule search has not been done.
#  Implicit/static pattern stem: 'CustomVisitor'
#  Modification time never checked.
#  File has not been updated.
#  recipe to execute (from 'Makefile', line 25):
	$(CC) $(I_FLAGS) $<

.PHONY: all
#  Implicit rule search has not been done.
#  Modification time never checked.
#  File has not been updated.

LiteLexer.o: gen/LiteLexer.cpp
#  Implicit rule search has not been done.
#  Implicit/static pattern stem: 'LiteLexer'
#  Modification time never checked.
#  File has not been updated.
#  recipe to execute (from 'Makefile', line 25):
	$(CC) $(I_FLAGS) $<

antlr:
#  Implicit rule search has not been done.
#  Modification time never checked.
#  File has not been updated.
#  recipe to execute (from 'Makefile', line 32):
	antlr4 -Dlanguage=Cpp -visitor -o gen Lite.g4

# Not a target:
gen/CustomVisitor.cpp:
#  Implicit rule search has not been done.
#  Modification time never checked.
#  File has not been updated.

# Not a target:
Makefile:
#  Implicit rule search has been done.
#  Last modified 2022-07-23 15:50:50.800887306
#  File has been updated.
#  Successfully updated.

# Not a target:
main.cpp:
#  Implicit rule search has been done.
#  Last modified 2022-07-23 15:45:41.653309984
#  File has been updated.
#  Successfully updated.

# Not a target:
.DEFAULT:
#  Implicit rule search has not been done.
#  Modification time never checked.
#  File has not been updated.

# Not a target:
gen/LiteParser.cpp:
#  Implicit rule search has not been done.
#  Modification time never checked.
#  File has not been updated.

# Not a target:
gen/LiteBaseVisitor.cpp:
#  Implicit rule search has not been done.
#  Modification time never checked.
#  File has not been updated.

main: main.o LiteParser.o LiteLexer.o CustomVisitor.o LiteBaseVisitor.o LiteVisitor.o
#  Implicit rule search has not been done.
#  Modification time never checked.
#  File has not been updated.
#  recipe to execute (from 'Makefile', line 28):
	$(CC) $(L_FLAGS) $(patsubst %, $(OBJ_DIR)/%, $^) $(LIBS) -o $@ 

main.o: main.cpp
#  Implicit rule search has not been done.
#  Implicit/static pattern stem: 'main'
#  File does not exist.
#  File has been updated.
#  Needs to be updated (-q is set).
# automatic
# @ := main.o
# automatic
# % := 
# automatic
# * := main
# automatic
# + := main.cpp
# automatic
# | := 
# automatic
# < := main.cpp
# automatic
# ^ := main.cpp
# automatic
# ? := main.cpp
# variable set hash-table stats:
# Load=8/32=25%, Rehash=0, Collisions=1/18=6%
#  recipe to execute (from 'Makefile', line 22):
	$(CC) $(I_FLAGS) $<

# Not a target:
gen/LiteVisitor.cpp:
#  Implicit rule search has not been done.
#  Modification time never checked.
#  File has not been updated.

LiteParser.o: gen/LiteParser.cpp
#  Implicit rule search has not been done.
#  Implicit/static pattern stem: 'LiteParser'
#  Modification time never checked.
#  File has not been updated.
#  recipe to execute (from 'Makefile', line 25):
	$(CC) $(I_FLAGS) $<

# Not a target:
gen/LiteLexer.cpp:
#  Implicit rule search has not been done.
#  Modification time never checked.
#  File has not been updated.

LiteBaseVisitor.o: gen/LiteBaseVisitor.cpp
#  Implicit rule search has not been done.
#  Implicit/static pattern stem: 'LiteBaseVisitor'
#  Modification time never checked.
#  File has not been updated.
#  recipe to execute (from 'Makefile', line 25):
	$(CC) $(I_FLAGS) $<

# files hash-table stats:
# Load=19/1024=2%, Rehash=0, Collisions=0/57=0%
# VPATH Search Paths

# No 'vpath' search paths.

# No general ('VPATH' variable) search path.

# strcache buffers: 1 (0) / strings = 39 / storage = 415 B / avg = 10 B
# current buf: size = 8162 B / used = 415 B / count = 39 / avg = 10 B

# strcache performance: lookups = 71 / hit rate = 45%
# hash-table stats:
# Load=39/8192=0%, Rehash=0, Collisions=1/71=1%
# Finished Make data base on Sat Jul 23 15:51:13 2022

 
